<?xml version="1.0" encoding="UTF-8"?>
<testng-results skipped="0" failed="0" ignored="0" total="1" passed="1">
  <reporter-output>
  </reporter-output>
  <suite name="Default suite" duration-ms="40" started-at="2021-03-13T17:20:43Z" finished-at="2021-03-13T17:20:43Z">
    <groups>
    </groups>
    <test name="Default test" duration-ms="40" started-at="2021-03-13T17:20:43Z" finished-at="2021-03-13T17:20:43Z">
      <class name="com.examples.testng.techvillege.SampleClassDataProvider">
        <test-method status="PASS" signature="testMethod([Ljava.lang.String;)[pri:0, instance:com.examples.testng.techvillege.SampleClassDataProvider@4566e5bd]" name="testMethod" duration-ms="10" started-at="2021-03-13T17:20:43Z" data-provider="data-provider" finished-at="2021-03-13T17:20:43Z">
          <params>
            <param index="0">
              <value>
                <![CDATA[[Ljava.lang.String;@86be70a]]>
              </value>
            </param>
          </params>
          <reporter-output>
          </reporter-output>
        </test-method> <!-- testMethod -->
      </class> <!-- com.examples.testng.techvillege.SampleClassDataProvider -->
    </test> <!-- Default test -->
  </suite> <!-- Default suite -->
</testng-results>
