<?xml version="1.0" encoding="UTF-8"?>
<!-- Generated by org.testng.reporters.JUnitXMLReporter -->
<testsuite hostname="Latifs-MBP.home" ignored="0" name="Practice Grouping" tests="5" failures="0" timestamp="23 Jun 2019 14:05:19 GMT" time="0.051" errors="0">
  <testcase name="Car1" time="0.013" classname="com.examples.testng.techvillege.Grouping"/>
  <testcase name="Car2" time="0.002" classname="com.examples.testng.techvillege.Grouping"/>
  <testcase name="Scooter1" time="0.001" classname="com.examples.testng.techvillege.Grouping"/>
  <testcase name="Scooter2" time="0.002" classname="com.examples.testng.techvillege.Grouping"/>
  <testcase name="Sedan1" time="0.001" classname="com.examples.testng.techvillege.Grouping"/>
</testsuite> <!-- Practice Grouping -->
