<?xml version="1.0" encoding="UTF-8"?>
<testng-results skipped="0" failed="0" total="1" passed="1">
  <reporter-output>
  </reporter-output>
  <suite name="Default suite" duration-ms="29" started-at="2020-08-23T19:21:28Z" finished-at="2020-08-23T19:21:28Z">
    <groups>
    </groups>
    <test name="Default test" duration-ms="29" started-at="2020-08-23T19:21:28Z" finished-at="2020-08-23T19:21:28Z">
      <class name="com.testng.tv.Log4jDemo">
        <test-method status="PASS" signature="TestCase1()[pri:0, instance:com.testng.tv.Log4jDemo@754ba872]" name="TestCase1" duration-ms="12" started-at="2020-08-23T15:21:28Z" finished-at="2020-08-23T15:21:28Z">
          <reporter-output>
          </reporter-output>
        </test-method> <!-- TestCase1 -->
      </class> <!-- com.testng.tv.Log4jDemo -->
    </test> <!-- Default test -->
  </suite> <!-- Default suite -->
</testng-results>
