<?xml version="1.0" encoding="UTF-8"?>
<!-- Generated by org.testng.reporters.JUnitXMLReporter -->
<testsuite hostname="Latifs-MBP.home" name="Test" tests="5" failures="0" timestamp="15 Feb 2020 14:13:07 GMT" time="0.037" errors="0">
  <testcase name="Car1" time="0.012" classname="com.testng.tv.Grouping"/>
  <testcase name="Car2" time="0.001" classname="com.testng.tv.Grouping"/>
  <testcase name="Scooter1" time="0.001" classname="com.testng.tv.Grouping"/>
  <testcase name="Sedan1" time="0.001" classname="com.testng.tv.Grouping"/>
  <testcase name="Sedan2" time="0.001" classname="com.testng.tv.Grouping"/>
</testsuite> <!-- Test -->
